2022-11-24 11:47:05,658 - root - INFO - ****Test_003_AddCustomer ***
2022-11-24 11:47:09,712 - root - INFO - *** Login successfull*****
2022-11-24 11:47:09,712 - root - INFO - *** Starting Add Customer Test ***
2022-11-24 11:47:18,171 - root - INFO -  **** Provider customer info ****
2022-11-24 11:47:25,844 - root - INFO -  **** Saving customer info ****
2022-11-24 11:47:25,998 - root - INFO - *** Add customer Test Passed ***
2022-11-24 11:47:25,998 - root - INFO - *** Ending Add Customer testing ***
2022-11-24 11:51:53,089 - root - INFO - ****Test_003_AddCustomer ***
2022-11-24 11:51:57,003 - root - INFO - *** Login successfull*****
2022-11-24 11:51:57,003 - root - INFO - *** Starting Add Customer Test ***
2022-11-24 11:52:06,765 - root - INFO -  **** Provider customer info ****
2022-11-24 11:52:15,663 - root - INFO -  **** Saving customer info ****
2022-11-24 11:52:15,863 - root - INFO - *** Add customer Test Passed ***
2022-11-24 11:52:15,863 - root - INFO - *** Ending Add Customer testing ***
2022-11-24 17:55:53,907 - root - INFO - ****Test_004_SearchCustomerbyEamil ***
2022-11-24 17:56:07,623 - root - INFO - *** Login successfull*****
2022-11-24 17:56:07,623 - root - INFO - *** Starting search Customer by email Test ***
2022-11-24 18:07:02,872 - root - INFO - ****Test_004_SearchCustomerbyEamil ***
2022-11-24 18:07:13,314 - root - INFO - *** Login successfull*****
2022-11-24 18:07:13,315 - root - INFO - *** Starting search Customer by email Test ***
2022-11-24 18:09:02,916 - root - INFO - ****Test_004_SearchCustomerbyEamil ***
2022-11-24 18:09:06,422 - root - INFO - *** Login successfull*****
2022-11-24 18:09:06,422 - root - INFO - *** Starting search Customer by email Test ***
2022-11-24 18:11:34,427 - root - INFO - ****Test_004_SearchCustomerbyEamil ***
2022-11-24 18:11:44,487 - root - INFO - *** Login successfull*****
2022-11-24 18:11:44,487 - root - INFO - *** Starting search Customer by email Test ***
2022-11-24 18:13:01,656 - root - INFO - ****Test_004_SearchCustomerbyEamil ***
2022-11-24 18:13:20,411 - root - INFO - *** Login successfull*****
2022-11-24 18:13:20,411 - root - INFO - *** Starting search Customer by email Test ***
2022-11-24 18:13:45,424 - root - INFO - ***Test_004_SearchCustomerbyEamil finished 
2022-11-24 18:24:02,271 - root - INFO - ****Test_004_SearchCustomerbyEamil ***
2022-11-24 18:24:18,793 - root - INFO - *** Login successfull*****
2022-11-24 18:24:18,793 - root - INFO - *** Starting search Customer by email Test ***
2022-11-24 18:34:20,519 - root - INFO - ****Test_004_SearchCustomerbyEamil ***
2022-11-24 18:34:24,539 - root - INFO - *** Login successfull*****
2022-11-24 18:34:24,539 - root - INFO - *** Starting search Customer by email Test ***
2022-11-24 18:34:37,788 - root - INFO - ***Test_004_SearchCustomerbyEamil finished 
2022-11-24 18:36:04,173 - root - INFO - ****Test_005_SearchCustomerbyName ***
2022-11-24 18:36:11,149 - root - INFO - *** Login successfull*****
2022-11-24 18:36:11,149 - root - INFO - *** Starting search Customer by name Test ***
2022-11-24 18:41:39,624 - root - INFO - ****Test_005_SearchCustomerbyName ***
2022-11-24 18:42:29,286 - root - INFO - *** Login successfull*****
2022-11-24 18:42:29,286 - root - INFO - *** Starting search Customer by name Test ***
2022-11-24 18:42:35,316 - root - INFO - ****Test_005_SearchCustomerbyName ***
2022-11-24 18:43:39,324 - root - INFO - *** Login successfull*****
2022-11-24 18:43:39,324 - root - INFO - *** Starting search Customer by name Test ***
2022-11-24 18:44:10,367 - root - INFO - ***Test_005_SearchCustomerbyName finished 
2022-11-25 08:20:03,233 - root - INFO - ****Test_003_AddCustomer ***
2022-11-25 08:20:03,233 - root - INFO - ****Test_003_AddCustomer ***
2022-11-25 08:20:03,233 - root - INFO - ****Test_003_AddCustomer ***
2022-11-25 08:20:03,233 - root - INFO - ****Test_003_AddCustomer ***
2022-11-25 08:20:03,233 - root - INFO - ****Test_003_AddCustomer ***
2022-11-25 08:20:07,514 - root - INFO - *** Login successfull*****
2022-11-25 08:20:07,514 - root - INFO - *** Login successfull*****
2022-11-25 08:20:07,514 - root - INFO - *** Login successfull*****
2022-11-25 08:20:07,514 - root - INFO - *** Login successfull*****
2022-11-25 08:20:07,514 - root - INFO - *** Login successfull*****
2022-11-25 08:20:07,514 - root - INFO - *** Starting Add Customer Test ***
2022-11-25 08:20:07,514 - root - INFO - *** Starting Add Customer Test ***
2022-11-25 08:20:07,514 - root - INFO - *** Starting Add Customer Test ***
2022-11-25 08:20:07,514 - root - INFO - *** Starting Add Customer Test ***
2022-11-25 08:20:07,514 - root - INFO - *** Starting Add Customer Test ***
2022-11-25 08:20:19,185 - root - INFO -  **** Provider customer info ****
2022-11-25 08:20:19,185 - root - INFO -  **** Provider customer info ****
2022-11-25 08:20:19,185 - root - INFO -  **** Provider customer info ****
2022-11-25 08:20:19,185 - root - INFO -  **** Provider customer info ****
2022-11-25 08:20:19,185 - root - INFO -  **** Provider customer info ****
2022-11-25 08:20:27,596 - root - INFO -  **** Saving customer info ****
2022-11-25 08:20:27,596 - root - INFO -  **** Saving customer info ****
2022-11-25 08:20:27,596 - root - INFO -  **** Saving customer info ****
2022-11-25 08:20:27,596 - root - INFO -  **** Saving customer info ****
2022-11-25 08:20:27,596 - root - INFO -  **** Saving customer info ****
2022-11-25 08:20:27,772 - root - INFO - *** Add customer Test Passed ***
2022-11-25 08:20:27,772 - root - INFO - *** Add customer Test Passed ***
2022-11-25 08:20:27,772 - root - INFO - *** Add customer Test Passed ***
2022-11-25 08:20:27,772 - root - INFO - *** Add customer Test Passed ***
2022-11-25 08:20:27,772 - root - INFO - *** Add customer Test Passed ***
2022-11-25 08:20:27,772 - root - INFO - *** Ending Add Customer testing ***
2022-11-25 08:20:27,772 - root - INFO - *** Ending Add Customer testing ***
2022-11-25 08:20:27,772 - root - INFO - *** Ending Add Customer testing ***
2022-11-25 08:20:27,772 - root - INFO - *** Ending Add Customer testing ***
2022-11-25 08:20:27,772 - root - INFO - *** Ending Add Customer testing ***
2022-11-25 08:20:28,864 - root - INFO - ****Verifying login test ******
2022-11-25 08:20:28,864 - root - INFO - ****Verifying login test ******
2022-11-25 08:20:28,864 - root - INFO - ****Verifying login test ******
2022-11-25 08:20:28,864 - root - INFO - ****Verifying login test ******
2022-11-25 08:20:28,864 - root - INFO - ****Verifying login test ******
2022-11-25 08:21:42,065 - root - INFO - **** login test passed ******
2022-11-25 08:21:42,065 - root - INFO - **** login test passed ******
2022-11-25 08:21:42,065 - root - INFO - **** login test passed ******
2022-11-25 08:21:42,065 - root - INFO - **** login test passed ******
2022-11-25 08:21:42,065 - root - INFO - **** login test passed ******
2022-11-25 08:26:32,362 - root - INFO - ****Test_003_AddCustomer ***
2022-11-25 08:26:32,362 - root - INFO - ****Test_003_AddCustomer ***
2022-11-25 08:26:32,362 - root - INFO - ****Test_003_AddCustomer ***
2022-11-25 08:26:32,362 - root - INFO - ****Test_003_AddCustomer ***
2022-11-25 08:26:32,362 - root - INFO - ****Test_003_AddCustomer ***
2022-11-25 08:26:36,172 - root - INFO - *** Login successfull*****
2022-11-25 08:26:36,172 - root - INFO - *** Login successfull*****
2022-11-25 08:26:36,172 - root - INFO - *** Login successfull*****
2022-11-25 08:26:36,172 - root - INFO - *** Login successfull*****
2022-11-25 08:26:36,172 - root - INFO - *** Login successfull*****
2022-11-25 08:26:36,172 - root - INFO - *** Starting Add Customer Test ***
2022-11-25 08:26:36,172 - root - INFO - *** Starting Add Customer Test ***
2022-11-25 08:26:36,172 - root - INFO - *** Starting Add Customer Test ***
2022-11-25 08:26:36,172 - root - INFO - *** Starting Add Customer Test ***
2022-11-25 08:26:36,172 - root - INFO - *** Starting Add Customer Test ***
2022-11-25 08:26:45,013 - root - INFO -  **** Provider customer info ****
2022-11-25 08:26:45,013 - root - INFO -  **** Provider customer info ****
2022-11-25 08:26:45,013 - root - INFO -  **** Provider customer info ****
2022-11-25 08:26:45,013 - root - INFO -  **** Provider customer info ****
2022-11-25 08:26:45,013 - root - INFO -  **** Provider customer info ****
2022-11-25 08:26:52,803 - root - INFO -  **** Saving customer info ****
2022-11-25 08:26:52,803 - root - INFO -  **** Saving customer info ****
2022-11-25 08:26:52,803 - root - INFO -  **** Saving customer info ****
2022-11-25 08:26:52,803 - root - INFO -  **** Saving customer info ****
2022-11-25 08:26:52,803 - root - INFO -  **** Saving customer info ****
2022-11-25 08:26:52,977 - root - INFO - *** Add customer Test Passed ***
2022-11-25 08:26:52,977 - root - INFO - *** Add customer Test Passed ***
2022-11-25 08:26:52,977 - root - INFO - *** Add customer Test Passed ***
2022-11-25 08:26:52,977 - root - INFO - *** Add customer Test Passed ***
2022-11-25 08:26:52,977 - root - INFO - *** Add customer Test Passed ***
2022-11-25 08:27:09,154 - root - INFO - *** Ending Add Customer testing ***
2022-11-25 08:27:09,154 - root - INFO - *** Ending Add Customer testing ***
2022-11-25 08:27:09,154 - root - INFO - *** Ending Add Customer testing ***
2022-11-25 08:27:09,154 - root - INFO - *** Ending Add Customer testing ***
2022-11-25 08:27:09,154 - root - INFO - *** Ending Add Customer testing ***
2022-11-25 08:27:10,299 - root - INFO - ****Verifying login test ******
2022-11-25 08:27:10,299 - root - INFO - ****Verifying login test ******
2022-11-25 08:27:10,299 - root - INFO - ****Verifying login test ******
2022-11-25 08:27:10,299 - root - INFO - ****Verifying login test ******
2022-11-25 08:27:10,299 - root - INFO - ****Verifying login test ******
2022-11-25 08:27:29,961 - root - INFO - **** login test passed ******
2022-11-25 08:27:29,961 - root - INFO - **** login test passed ******
2022-11-25 08:27:29,961 - root - INFO - **** login test passed ******
2022-11-25 08:27:29,961 - root - INFO - **** login test passed ******
2022-11-25 08:27:29,961 - root - INFO - **** login test passed ******
2022-11-25 08:38:18,484 - root - INFO - ****Test_003_AddCustomer ***
2022-11-25 08:38:18,484 - root - INFO - ****Test_003_AddCustomer ***
2022-11-25 08:38:18,484 - root - INFO - ****Test_003_AddCustomer ***
2022-11-25 08:38:18,484 - root - INFO - ****Test_003_AddCustomer ***
2022-11-25 08:38:18,484 - root - INFO - ****Test_003_AddCustomer ***
2022-11-25 08:38:22,740 - root - INFO - *** Login successfull*****
2022-11-25 08:38:22,740 - root - INFO - *** Login successfull*****
2022-11-25 08:38:22,740 - root - INFO - *** Login successfull*****
2022-11-25 08:38:22,740 - root - INFO - *** Login successfull*****
2022-11-25 08:38:22,740 - root - INFO - *** Login successfull*****
2022-11-25 08:38:22,741 - root - INFO - *** Starting Add Customer Test ***
2022-11-25 08:38:22,741 - root - INFO - *** Starting Add Customer Test ***
2022-11-25 08:38:22,741 - root - INFO - *** Starting Add Customer Test ***
2022-11-25 08:38:22,741 - root - INFO - *** Starting Add Customer Test ***
2022-11-25 08:38:22,741 - root - INFO - *** Starting Add Customer Test ***
2022-11-25 08:38:32,821 - root - INFO -  **** Provider customer info ****
2022-11-25 08:38:32,821 - root - INFO -  **** Provider customer info ****
2022-11-25 08:38:32,821 - root - INFO -  **** Provider customer info ****
2022-11-25 08:38:32,821 - root - INFO -  **** Provider customer info ****
2022-11-25 08:38:32,821 - root - INFO -  **** Provider customer info ****
2022-11-25 08:38:40,995 - root - INFO -  **** Saving customer info ****
2022-11-25 08:38:40,995 - root - INFO -  **** Saving customer info ****
2022-11-25 08:38:40,995 - root - INFO -  **** Saving customer info ****
2022-11-25 08:38:40,995 - root - INFO -  **** Saving customer info ****
2022-11-25 08:38:40,995 - root - INFO -  **** Saving customer info ****
2022-11-25 08:38:41,218 - root - INFO - *** Add customer Test Passed ***
2022-11-25 08:38:41,218 - root - INFO - *** Add customer Test Passed ***
2022-11-25 08:38:41,218 - root - INFO - *** Add customer Test Passed ***
2022-11-25 08:38:41,218 - root - INFO - *** Add customer Test Passed ***
2022-11-25 08:38:41,218 - root - INFO - *** Add customer Test Passed ***
2022-11-25 08:38:57,380 - root - INFO - *** Ending Add Customer testing ***
2022-11-25 08:38:57,380 - root - INFO - *** Ending Add Customer testing ***
2022-11-25 08:38:57,380 - root - INFO - *** Ending Add Customer testing ***
2022-11-25 08:38:57,380 - root - INFO - *** Ending Add Customer testing ***
2022-11-25 08:38:57,380 - root - INFO - *** Ending Add Customer testing ***
2022-11-25 08:38:58,437 - root - INFO - ****Verifying login test ******
2022-11-25 08:38:58,437 - root - INFO - ****Verifying login test ******
2022-11-25 08:38:58,437 - root - INFO - ****Verifying login test ******
2022-11-25 08:38:58,437 - root - INFO - ****Verifying login test ******
2022-11-25 08:38:58,437 - root - INFO - ****Verifying login test ******
2022-11-25 08:39:19,009 - root - INFO - **** login test passed ******
2022-11-25 08:39:19,009 - root - INFO - **** login test passed ******
2022-11-25 08:39:19,009 - root - INFO - **** login test passed ******
2022-11-25 08:39:19,009 - root - INFO - **** login test passed ******
2022-11-25 08:39:19,009 - root - INFO - **** login test passed ******
